<?xml version="1.0" encoding="UTF-8"?>
<testsuite name="AppSettingsHandlerTest.AppSettingsTest" tests="1" skipped="0" failures="0" errors="0" timestamp="2018-11-02T04:52:32" hostname="Etiennes-MBP" time="1.052">
  <properties/>
  <testcase name="WhenAppSettingsReturnsAppSettingsAsFileNameWhenGetFileNameIsCalled()" classname="AppSettingsHandlerTest.AppSettingsTest" time="1.052"/>
  <system-out><![CDATA[]]></system-out>
  <system-err><![CDATA[]]></system-err>
</testsuite>
